::1 - - [11/Dec/2021:17:11:57 +0000] "GET / HTTP/1.1" 200 - "-" "Mozilla/5.0 (Windows NT 10.0; Win64; x64) AppleWebKit/537.36 (KHTML, like Gecko) Chrome/96.0.4664.93 Safari/537.36"
::1 - - [11/Dec/2021:17:11:57 +0000] "GET /css/product.css HTTP/1.1" 200 354 "-" "Mozilla/5.0 (Windows NT 10.0; Win64; x64) AppleWebKit/537.36 (KHTML, like Gecko) Chrome/96.0.4664.93 Safari/537.36"
::1 - - [11/Dec/2021:17:11:57 +0000] "GET /images/456-152514.jpg HTTP/1.1" 304 - "-" "Mozilla/5.0 (Windows NT 10.0; Win64; x64) AppleWebKit/537.36 (KHTML, like Gecko) Chrome/96.0.4664.93 Safari/537.36"
::1 - - [11/Dec/2021:17:11:57 +0000] "GET /js/main.js HTTP/1.1" 200 519 "-" "Mozilla/5.0 (Windows NT 10.0; Win64; x64) AppleWebKit/537.36 (KHTML, like Gecko) Chrome/96.0.4664.93 Safari/537.36"
::1 - - [11/Dec/2021:17:11:57 +0000] "GET /images/190-__nakano_miku_nakano_yotsuba_nakano_nino_nakano_itsuki_nakano_ichika_and_1_more_go_toubun_no_hanayome_drawn_by_ayanon__689c6d59a897f0d6eaf134d274860db9.png HTTP/1.1" 304 - "-" "Mozilla/5.0 (Windows NT 10.0; Win64; x64) AppleWebKit/537.36 (KHTML, like Gecko) Chrome/96.0.4664.93 Safari/537.36"
::1 - - [11/Dec/2021:17:11:57 +0000] "GET /css/main.css HTTP/1.1" 200 - "-" "Mozilla/5.0 (Windows NT 10.0; Win64; x64) AppleWebKit/537.36 (KHTML, like Gecko) Chrome/96.0.4664.93 Safari/537.36"
::1 - - [11/Dec/2021:17:12:04 +0000] "GET / HTTP/1.1" 304 - "-" "Mozilla/5.0 (Windows NT 10.0; Win64; x64) AppleWebKit/537.36 (KHTML, like Gecko) Chrome/96.0.4664.93 Safari/537.36"
::1 - - [11/Dec/2021:17:12:04 +0000] "GET /css/main.css HTTP/1.1" 304 - "-" "Mozilla/5.0 (Windows NT 10.0; Win64; x64) AppleWebKit/537.36 (KHTML, like Gecko) Chrome/96.0.4664.93 Safari/537.36"
::1 - - [11/Dec/2021:17:12:04 +0000] "GET /css/product.css HTTP/1.1" 304 - "-" "Mozilla/5.0 (Windows NT 10.0; Win64; x64) AppleWebKit/537.36 (KHTML, like Gecko) Chrome/96.0.4664.93 Safari/537.36"
::1 - - [11/Dec/2021:17:12:04 +0000] "GET /js/main.js HTTP/1.1" 304 - "-" "Mozilla/5.0 (Windows NT 10.0; Win64; x64) AppleWebKit/537.36 (KHTML, like Gecko) Chrome/96.0.4664.93 Safari/537.36"
::1 - - [11/Dec/2021:17:12:04 +0000] "GET /images/456-152514.jpg HTTP/1.1" 304 - "-" "Mozilla/5.0 (Windows NT 10.0; Win64; x64) AppleWebKit/537.36 (KHTML, like Gecko) Chrome/96.0.4664.93 Safari/537.36"
::1 - - [11/Dec/2021:17:12:04 +0000] "GET /images/190-__nakano_miku_nakano_yotsuba_nakano_nino_nakano_itsuki_nakano_ichika_and_1_more_go_toubun_no_hanayome_drawn_by_ayanon__689c6d59a897f0d6eaf134d274860db9.png HTTP/1.1" 304 - "-" "Mozilla/5.0 (Windows NT 10.0; Win64; x64) AppleWebKit/537.36 (KHTML, like Gecko) Chrome/96.0.4664.93 Safari/537.36"
::1 - - [11/Dec/2021:17:12:07 +0000] "GET /products HTTP/1.1" 200 - "-" "Mozilla/5.0 (Windows NT 10.0; Win64; x64) AppleWebKit/537.36 (KHTML, like Gecko) Chrome/96.0.4664.93 Safari/537.36"
::1 - - [11/Dec/2021:17:12:07 +0000] "GET /css/main.css HTTP/1.1" 304 - "-" "Mozilla/5.0 (Windows NT 10.0; Win64; x64) AppleWebKit/537.36 (KHTML, like Gecko) Chrome/96.0.4664.93 Safari/537.36"
::1 - - [11/Dec/2021:17:12:07 +0000] "GET /css/product.css HTTP/1.1" 304 - "-" "Mozilla/5.0 (Windows NT 10.0; Win64; x64) AppleWebKit/537.36 (KHTML, like Gecko) Chrome/96.0.4664.93 Safari/537.36"
::1 - - [11/Dec/2021:17:12:07 +0000] "GET /js/main.js HTTP/1.1" 304 - "-" "Mozilla/5.0 (Windows NT 10.0; Win64; x64) AppleWebKit/537.36 (KHTML, like Gecko) Chrome/96.0.4664.93 Safari/537.36"
::1 - - [11/Dec/2021:17:12:07 +0000] "GET /images/456-152514.jpg HTTP/1.1" 304 - "-" "Mozilla/5.0 (Windows NT 10.0; Win64; x64) AppleWebKit/537.36 (KHTML, like Gecko) Chrome/96.0.4664.93 Safari/537.36"
::1 - - [11/Dec/2021:17:12:07 +0000] "GET /images/190-__nakano_miku_nakano_yotsuba_nakano_nino_nakano_itsuki_nakano_ichika_and_1_more_go_toubun_no_hanayome_drawn_by_ayanon__689c6d59a897f0d6eaf134d274860db9.png HTTP/1.1" 304 - "-" "Mozilla/5.0 (Windows NT 10.0; Win64; x64) AppleWebKit/537.36 (KHTML, like Gecko) Chrome/96.0.4664.93 Safari/537.36"
::1 - - [11/Dec/2021:17:12:10 +0000] "GET / HTTP/1.1" 304 - "-" "Mozilla/5.0 (Windows NT 10.0; Win64; x64) AppleWebKit/537.36 (KHTML, like Gecko) Chrome/96.0.4664.93 Safari/537.36"
::1 - - [11/Dec/2021:17:12:10 +0000] "GET /css/main.css HTTP/1.1" 304 - "-" "Mozilla/5.0 (Windows NT 10.0; Win64; x64) AppleWebKit/537.36 (KHTML, like Gecko) Chrome/96.0.4664.93 Safari/537.36"
::1 - - [11/Dec/2021:17:12:10 +0000] "GET /css/product.css HTTP/1.1" 304 - "-" "Mozilla/5.0 (Windows NT 10.0; Win64; x64) AppleWebKit/537.36 (KHTML, like Gecko) Chrome/96.0.4664.93 Safari/537.36"
::1 - - [11/Dec/2021:17:12:10 +0000] "GET /js/main.js HTTP/1.1" 304 - "-" "Mozilla/5.0 (Windows NT 10.0; Win64; x64) AppleWebKit/537.36 (KHTML, like Gecko) Chrome/96.0.4664.93 Safari/537.36"
::1 - - [11/Dec/2021:17:12:10 +0000] "GET /images/456-152514.jpg HTTP/1.1" 304 - "-" "Mozilla/5.0 (Windows NT 10.0; Win64; x64) AppleWebKit/537.36 (KHTML, like Gecko) Chrome/96.0.4664.93 Safari/537.36"
::1 - - [11/Dec/2021:17:12:10 +0000] "GET /images/190-__nakano_miku_nakano_yotsuba_nakano_nino_nakano_itsuki_nakano_ichika_and_1_more_go_toubun_no_hanayome_drawn_by_ayanon__689c6d59a897f0d6eaf134d274860db9.png HTTP/1.1" 304 - "-" "Mozilla/5.0 (Windows NT 10.0; Win64; x64) AppleWebKit/537.36 (KHTML, like Gecko) Chrome/96.0.4664.93 Safari/537.36"
